<?xml version="1.0" encoding="UTF-8"?>
<!-- Generated by org.testng.reporters.JUnitReportReporter -->
<testsuite hostname="TVDI-014" failures="0" tests="1" name="org.practise_API.DemoCyclos" time="3.897" errors="0" timestamp="2023-05-25T15:52:18 IST" skipped="0">
  <testcase classname="org.practise_API.DemoCyclos" name="tc03_get_accounts_listdata" time="3.897"/>
  <system-out/>
</testsuite> <!-- org.practise_API.DemoCyclos -->
