<?xml version="1.0" encoding="UTF-8"?>
<!-- Generated by org.testng.reporters.JUnitReportReporter -->
<testsuite hostname="TVDI-014" failures="0" tests="1" name="org.practise_API.DemoCyclos" time="4.512" errors="0" timestamp="2023-05-26T15:07:48 IST" skipped="0">
  <testcase classname="org.practise_API.DemoCyclos" name="tc06_get_auth_session" time="4.512"/>
  <system-out/>
</testsuite> <!-- org.practise_API.DemoCyclos -->
