<?xml version="1.0" encoding="UTF-8"?>
<!-- Generated by org.testng.reporters.JUnitReportReporter -->
<testsuite hostname="TVDI-014" failures="0" tests="2" name="org.practise_API.EmployeeDetails" time="3.221" errors="0" timestamp="2023-05-23T19:09:50 IST" skipped="1">
  <testcase classname="org.practise_API.EmployeeDetails" name="tc09_Patch_repo" time="3.221"/>
  <system-out/>
  <testcase classname="org.practise_API.EmployeeDetails" name="tc05_postData_jsonFile">
    <skipped/>
  </testcase> <!-- tc05_postData_jsonFile -->
  <system-out/>
</testsuite> <!-- org.practise_API.EmployeeDetails -->
