<?xml version="1.0" encoding="UTF-8"?>
<!-- Generated by org.testng.reporters.JUnitReportReporter -->
<testsuite hostname="TVDI-014" failures="0" tests="8" name="org.practise_API.EmployeeDetails" time="8.025" errors="0" timestamp="2023-05-22T17:45:04 IST" skipped="1">
  <testcase classname="org.practise_API.EmployeeDetails" name="tc08_Post_Repo" time="1.521"/>
  <system-out/>
  <testcase classname="org.practise_API.EmployeeDetails" name="tc04_bDD_getAll" time="0.245"/>
  <system-out/>
  <testcase classname="org.practise_API.EmployeeDetails" name="tc07_bearer_Token" time="0.578"/>
  <system-out/>
  <testcase classname="org.practise_API.EmployeeDetails" name="tc03_deleteEmployee" time="0.656"/>
  <system-out/>
  <testcase classname="org.practise_API.EmployeeDetails" name="tc02_updateEmployee" time="0.466"/>
  <system-out/>
  <testcase classname="org.practise_API.EmployeeDetails" name="tc01_createMethod_usingHardCode" time="2.943"/>
  <system-out/>
  <testcase classname="org.practise_API.EmployeeDetails" name="tc06_basic_Auth" time="1.616"/>
  <system-out/>
  <testcase classname="org.practise_API.EmployeeDetails" name="tc05_postData_jsonFile">
    <skipped/>
  </testcase> <!-- tc05_postData_jsonFile -->
  <system-out/>
</testsuite> <!-- org.practise_API.EmployeeDetails -->
