<?xml version="1.0" encoding="UTF-8"?>
<!-- Generated by org.testng.reporters.JUnitReportReporter -->
<testsuite hostname="TVDI-014" failures="0" tests="3" name="org.practise_API.GetMethod" time="2.850" errors="0" timestamp="2023-05-19T15:47:24 IST" skipped="2">
  <testcase classname="org.practise_API.GetMethod" name="tc03_PostMethod" time="2.850"/>
  <system-out/>
  <testcase classname="org.practise_API.GetMethod" name="tc02_Get_positiva_case_using_static">
    <skipped/>
  </testcase> <!-- tc02_Get_positiva_case_using_static -->
  <system-out/>
  <testcase classname="org.practise_API.GetMethod" name="tc01_Get_positive_case">
    <skipped/>
  </testcase> <!-- tc01_Get_positive_case -->
  <system-out/>
</testsuite> <!-- org.practise_API.GetMethod -->
