<?xml version="1.0" encoding="UTF-8"?>
<!-- Generated by org.testng.reporters.JUnitReportReporter -->
<testsuite hostname="TVDI-014" failures="0" tests="1" name="org.practise_API.HTTPMethods" time="2.884" errors="0" timestamp="2023-05-22T18:19:18 IST" skipped="0">
  <testcase classname="org.practise_API.HTTPMethods" name="tc04_PutMethod" time="2.884"/>
  <system-out/>
</testsuite> <!-- org.practise_API.HTTPMethods -->
