<?xml version="1.0" encoding="UTF-8"?>
<!-- Generated by org.testng.reporters.JUnitReportReporter -->
<testsuite hostname="TVDI-014" failures="0" tests="2" name="org.practise_API.EmployeeDetails" time="0.413" errors="0" timestamp="2023-05-25T10:20:02 IST" skipped="1">
  <testcase classname="org.practise_API.EmployeeDetails" name="tc17_writeTheobjPresent_in_JsonUsing_ObjectMapper" time="0.413"/>
  <system-out/>
  <testcase classname="org.practise_API.EmployeeDetails" name="tc05_postData_jsonFile">
    <skipped/>
  </testcase> <!-- tc05_postData_jsonFile -->
  <system-out/>
</testsuite> <!-- org.practise_API.EmployeeDetails -->
